🚀 [Thu Mar 26 01:00:01 PM EAT 2026] Starting ConnectDial Bot Cycle...
✅ Cycle Complete!
🚀 [Thu Mar 26 02:00:02 PM EAT 2026] Starting ConnectDial Bot Cycle...
✅ Cycle Complete!
🚀 [Thu Mar 26 03:00:02 PM EAT 2026] Starting ConnectDial Bot Cycle...
✅ Cycle Complete!
🚀 [Thu Mar 26 04:00:01 PM EAT 2026] Starting ConnectDial Bot Cycle...
✅ Cycle Complete!
🚀 [Thu Mar 26 05:00:01 PM EAT 2026] Starting ConnectDial Bot Cycle...
✅ Cycle Complete!
🚀 [Thu Mar 26 06:00:01 PM EAT 2026] Starting ConnectDial Bot Cycle...
✅ Cycle Complete!
🚀 [Thu Mar 26 07:00:01 PM EAT 2026] Starting ConnectDial Bot Cycle...
✅ Cycle Complete!
🚀 [Fri Mar 27 10:00:01 AM EAT 2026] Starting ConnectDial Bot Cycle...
✅ Cycle Complete!
🚀 [Fri Mar 27 11:00:01 AM EAT 2026] Starting ConnectDial Bot Cycle...
✅ Cycle Complete!
🚀 [Fri Mar 27 12:00:01 PM EAT 2026] Starting ConnectDial Bot Cycle...
✅ Cycle Complete!
🚀 [Fri Mar 27 01:00:01 PM EAT 2026] Starting ConnectDial Bot Cycle...
✅ Cycle Complete!
🚀 [Fri Mar 27 02:00:01 PM EAT 2026] Starting ConnectDial Bot Cycle...
✅ Cycle Complete!
🚀 [Fri Mar 27 03:00:01 PM EAT 2026] Starting ConnectDial Bot Cycle...
✅ Cycle Complete!
🚀 [Fri Mar 27 04:00:01 PM EAT 2026] Starting ConnectDial Bot Cycle...
✅ Cycle Complete!
🚀 [Fri Mar 27 05:00:01 PM EAT 2026] Starting ConnectDial Bot Cycle...
✅ Cycle Complete!
🚀 [Fri Mar 27 06:00:02 PM EAT 2026] Starting ConnectDial Bot Cycle...
✅ Cycle Complete!
🚀 [Fri Mar 27 07:00:01 PM EAT 2026] Starting ConnectDial Bot Cycle...
✅ Cycle Complete!
🚀 [Fri Mar 27 08:00:01 PM EAT 2026] Starting ConnectDial Bot Cycle...
✅ Cycle Complete!
🚀 [Sat Mar 28 07:00:01 PM EAT 2026] Starting ConnectDial Bot Cycle...
✅ Cycle Complete!
🚀 [Sat Mar 28 08:00:01 PM EAT 2026] Starting ConnectDial Bot Cycle...
✅ Cycle Complete!
🚀 [Sat Mar 28 09:00:01 PM EAT 2026] Starting ConnectDial Bot Cycle...
✅ Cycle Complete!
🚀 [Sat Mar 28 10:00:02 PM EAT 2026] Starting ConnectDial Bot Cycle...
✅ Cycle Complete!
🚀 [Sat Mar 28 11:00:01 PM EAT 2026] Starting ConnectDial Bot Cycle...
✅ Cycle Complete!
🚀 [Sun Mar 29 12:00:01 AM EAT 2026] Starting ConnectDial Bot Cycle...
✅ Cycle Complete!
🚀 [Sun Mar 29 01:00:01 AM EAT 2026] Starting ConnectDial Bot Cycle...
✅ Cycle Complete!
🚀 [Sun Mar 29 02:00:01 AM EAT 2026] Starting ConnectDial Bot Cycle...
✅ Cycle Complete!
🚀 [Sun Mar 29 03:00:01 AM EAT 2026] Starting ConnectDial Bot Cycle...
✅ Cycle Complete!
🚀 [Sun Mar 29 04:00:01 AM EAT 2026] Starting ConnectDial Bot Cycle...
✅ Cycle Complete!
🚀 [Sun Mar 29 05:00:01 AM EAT 2026] Starting ConnectDial Bot Cycle...
✅ Cycle Complete!
🚀 [Sun Mar 29 06:00:01 AM EAT 2026] Starting ConnectDial Bot Cycle...
✅ Cycle Complete!
🚀 [Sun Mar 29 07:00:01 AM EAT 2026] Starting ConnectDial Bot Cycle...
✅ Cycle Complete!
🚀 [Sun Mar 29 08:00:01 AM EAT 2026] Starting ConnectDial Bot Cycle...
✅ Cycle Complete!
🚀 [Sun Mar 29 09:00:01 AM EAT 2026] Starting ConnectDial Bot Cycle...
✅ Cycle Complete!
🚀 [Sun Mar 29 10:00:01 AM EAT 2026] Starting ConnectDial Bot Cycle...
✅ Cycle Complete!
🚀 [Sun Mar 29 11:00:01 AM EAT 2026] Starting ConnectDial Bot Cycle...
✅ Cycle Complete!
🚀 [Sun Mar 29 12:00:01 PM EAT 2026] Starting ConnectDial Bot Cycle...
✅ Cycle Complete!
🚀 [Sun Mar 29 01:00:01 PM EAT 2026] Starting ConnectDial Bot Cycle...
✅ Cycle Complete!
🚀 [Sun Mar 29 02:00:01 PM EAT 2026] Starting ConnectDial Bot Cycle...
✅ Cycle Complete!
🚀 [Sun Mar 29 03:00:01 PM EAT 2026] Starting ConnectDial Bot Cycle...
✅ Cycle Complete!
🚀 [Sun Mar 29 04:00:01 PM EAT 2026] Starting ConnectDial Bot Cycle...
✅ Cycle Complete!
🚀 [Sun Mar 29 05:00:01 PM EAT 2026] Starting ConnectDial Bot Cycle...
✅ Cycle Complete!
🚀 [Sun Mar 29 06:00:01 PM EAT 2026] Starting ConnectDial Bot Cycle...
✅ Cycle Complete!
🚀 [Sun Mar 29 07:00:01 PM EAT 2026] Starting ConnectDial Bot Cycle...
✅ Cycle Complete!
🚀 [Sun Mar 29 08:00:01 PM EAT 2026] Starting ConnectDial Bot Cycle...
✅ Cycle Complete!
🚀 [Sun Mar 29 09:00:02 PM EAT 2026] Starting ConnectDial Bot Cycle...
✅ Cycle Complete!
🚀 [Sun Mar 29 10:00:01 PM EAT 2026] Starting ConnectDial Bot Cycle...
✅ Cycle Complete!
🚀 [Sun Mar 29 11:00:01 PM EAT 2026] Starting ConnectDial Bot Cycle...
✅ Cycle Complete!
🚀 [Mon Mar 30 12:00:01 AM EAT 2026] Starting ConnectDial Bot Cycle...
✅ Cycle Complete!
🚀 [Mon Mar 30 01:00:01 AM EAT 2026] Starting ConnectDial Bot Cycle...
✅ Cycle Complete!
🚀 [Mon Mar 30 02:00:01 AM EAT 2026] Starting ConnectDial Bot Cycle...
✅ Cycle Complete!
🚀 [Mon Mar 30 03:00:01 AM EAT 2026] Starting ConnectDial Bot Cycle...
🚀 [Mon Mar 30 04:00:01 AM EAT 2026] Starting ConnectDial Bot Cycle...
✅ Cycle Complete!
✅ Cycle Complete!
🚀 [Mon Mar 30 05:00:01 AM EAT 2026] Starting ConnectDial Bot Cycle...
🚀 [Mon Mar 30 06:00:01 AM EAT 2026] Starting ConnectDial Bot Cycle...
✅ Cycle Complete!
🚀 [Mon Mar 30 07:00:01 AM EAT 2026] Starting ConnectDial Bot Cycle...
✅ Cycle Complete!
✅ Cycle Complete!
🚀 [Mon Mar 30 08:00:01 AM EAT 2026] Starting ConnectDial Bot Cycle...
✅ Cycle Complete!
🚀 [Mon Mar 30 09:00:02 AM EAT 2026] Starting ConnectDial Bot Cycle...
🚀 [Mon Mar 30 10:00:01 AM EAT 2026] Starting ConnectDial Bot Cycle...
✅ Cycle Complete!
🚀 [Mon Mar 30 11:00:01 AM EAT 2026] Starting ConnectDial Bot Cycle...
✅ Cycle Complete!
🚀 [Mon Mar 30 12:00:01 PM EAT 2026] Starting ConnectDial Bot Cycle...
✅ Cycle Complete!
🚀 [Mon Mar 30 01:00:01 PM EAT 2026] Starting ConnectDial Bot Cycle...
✅ Cycle Complete!
✅ Cycle Complete!
🚀 [Mon Mar 30 02:00:01 PM EAT 2026] Starting ConnectDial Bot Cycle...
🚀 [Mon Mar 30 03:00:01 PM EAT 2026] Starting ConnectDial Bot Cycle...
✅ Cycle Complete!
🚀 [Mon Mar 30 04:00:01 PM EAT 2026] Starting ConnectDial Bot Cycle...
✅ Cycle Complete!
🚀 [Mon Mar 30 05:00:01 PM EAT 2026] Starting ConnectDial Bot Cycle...
✅ Cycle Complete!
🚀 [Mon Mar 29 05:17:46 PM EAT 2026] Starting ConnectDial Bot Cycle...
